  Board.cpp
  Main.cpp
D:\Users\Арсений\source\repos\SFML Game\Main.cpp(132,53): warning C4244: аргумент: преобразование "int" в "float", возможна потеря данных
D:\Users\Арсений\source\repos\SFML Game\Main.cpp(132,44): warning C4244: аргумент: преобразование "int" в "float", возможна потеря данных
D:\Users\Арсений\source\repos\SFML Game\Main.cpp(138,53): warning C4244: аргумент: преобразование "int" в "float", возможна потеря данных
D:\Users\Арсений\source\repos\SFML Game\Main.cpp(138,44): warning C4244: аргумент: преобразование "int" в "float", возможна потеря данных
D:\Users\Арсений\source\repos\SFML Game\Main.cpp(144,53): warning C4244: аргумент: преобразование "int" в "float", возможна потеря данных
D:\Users\Арсений\source\repos\SFML Game\Main.cpp(144,44): warning C4244: аргумент: преобразование "int" в "float", возможна потеря данных
D:\Users\Арсений\source\repos\SFML Game\Main.cpp(150,53): warning C4244: аргумент: преобразование "int" в "float", возможна потеря данных
D:\Users\Арсений\source\repos\SFML Game\Main.cpp(150,44): warning C4244: аргумент: преобразование "int" в "float", возможна потеря данных
D:\Users\Арсений\source\repos\SFML Game\Main.cpp(156,54): warning C4244: аргумент: преобразование "int" в "float", возможна потеря данных
D:\Users\Арсений\source\repos\SFML Game\Main.cpp(156,45): warning C4244: аргумент: преобразование "int" в "float", возможна потеря данных
D:\Users\Арсений\source\repos\SFML Game\Main.cpp(164,54): warning C4244: аргумент: преобразование "int" в "float", возможна потеря данных
D:\Users\Арсений\source\repos\SFML Game\Main.cpp(164,46): warning C4244: аргумент: преобразование "int" в "float", возможна потеря данных
D:\Users\Арсений\source\repos\SFML Game\Main.cpp(170,60): warning C4244: аргумент: преобразование "int" в "float", возможна потеря данных
D:\Users\Арсений\source\repos\SFML Game\Main.cpp(170,49): warning C4244: аргумент: преобразование "int" в "float", возможна потеря данных
D:\Users\Арсений\source\repos\SFML Game\Main.cpp(176,57): warning C4244: аргумент: преобразование "int" в "float", возможна потеря данных
D:\Users\Арсений\source\repos\SFML Game\Main.cpp(176,46): warning C4244: аргумент: преобразование "int" в "float", возможна потеря данных
D:\Users\Арсений\source\repos\SFML Game\Main.cpp(182,56): warning C4244: аргумент: преобразование "int" в "float", возможна потеря данных
D:\Users\Арсений\source\repos\SFML Game\Main.cpp(182,49): warning C4244: аргумент: преобразование "int" в "float", возможна потеря данных
D:\Users\Арсений\source\repos\SFML Game\Main.cpp(188,56): warning C4244: аргумент: преобразование "int" в "float", возможна потеря данных
D:\Users\Арсений\source\repos\SFML Game\Main.cpp(188,48): warning C4244: аргумент: преобразование "int" в "float", возможна потеря данных
D:\Users\Арсений\source\repos\SFML Game\Main.cpp(194,58): warning C4244: аргумент: преобразование "int" в "float", возможна потеря данных
D:\Users\Арсений\source\repos\SFML Game\Main.cpp(194,51): warning C4244: аргумент: преобразование "int" в "float", возможна потеря данных
D:\Users\Арсений\source\repos\SFML Game\Main.cpp(200,58): warning C4244: аргумент: преобразование "int" в "float", возможна потеря данных
D:\Users\Арсений\source\repos\SFML Game\Main.cpp(200,48): warning C4244: аргумент: преобразование "int" в "float", возможна потеря данных
D:\Users\Арсений\source\repos\SFML Game\Main.cpp(206,60): warning C4244: аргумент: преобразование "int" в "float", возможна потеря данных
D:\Users\Арсений\source\repos\SFML Game\Main.cpp(206,51): warning C4244: аргумент: преобразование "int" в "float", возможна потеря данных
  Создание кода...
D:\Users\Арсений\source\repos\SFML Game\Board.cpp(256): warning C4715: Board::ProverkaLogic: значение возвращается не при всех путях выполнения
  SFML Game.vcxproj -> D:\Users\Арсений\source\repos\SFML Game\x64\Debug\SFML Game.exe
